  [1m[36m (141.3ms)[0m  [1mCREATE TABLE "schema_migrations" ("version" varchar(255) NOT NULL) [0m
  [1m[35m (0.1ms)[0m  select sqlite_version(*)
  [1m[36m (99.6ms)[0m  [1mCREATE UNIQUE INDEX "unique_schema_migrations" ON "schema_migrations" ("version")[0m
  [1m[35mActiveRecord::SchemaMigration Load (0.1ms)[0m  SELECT "schema_migrations".* FROM "schema_migrations"
Migrating to CreateComments (20141015135514)
  [1m[36m (0.1ms)[0m  [1mbegin transaction[0m
  [1m[35m (0.6ms)[0m  CREATE TABLE "comments" ("id" INTEGER PRIMARY KEY AUTOINCREMENT NOT NULL, "commenter" varchar(255), "body" text, "article_id" integer, "created_at" datetime, "updated_at" datetime) 
  [1m[36m (0.3ms)[0m  [1mCREATE  INDEX "index_comments_on_article_id" ON "comments" ("article_id")[0m
  [1m[35mSQL (0.2ms)[0m  INSERT INTO "schema_migrations" ("version") VALUES (?)  [["version", "20141015135514"]]
  [1m[36m (107.1ms)[0m  [1mcommit transaction[0m
Migrating to CreateArticles (20141015185929)
  [1m[35m (0.1ms)[0m  begin transaction
  [1m[36mSQL (0.2ms)[0m  [1mINSERT INTO "schema_migrations" ("version") VALUES (?)[0m  [["version", "20141015185929"]]
  [1m[35m (120.1ms)[0m  commit transaction
Migrating to Agregar (20141015192142)
  [1m[36m (0.1ms)[0m  [1mbegin transaction[0m
  [1m[35m (0.2ms)[0m  ALTER TABLE "articles" ADD "autor" varchar(255)
SQLite3::SQLException: no such table: articles: ALTER TABLE "articles" ADD "autor" varchar(255)
  [1m[36m (0.1ms)[0m  [1mrollback transaction[0m


Started GET "/" for 127.0.0.1 at 2015-06-13 11:15:44 -0500

ActiveRecord::NoDatabaseError (FATAL:  database "webmawesi_development" does not exist
Run `$ bin/rake db:create db:migrate` to create your database):
  activerecord (4.1.5) lib/active_record/connection_adapters/postgresql_adapter.rb:898:in `rescue in connect'
  activerecord (4.1.5) lib/active_record/connection_adapters/postgresql_adapter.rb:888:in `connect'
  activerecord (4.1.5) lib/active_record/connection_adapters/postgresql_adapter.rb:568:in `initialize'
  activerecord (4.1.5) lib/active_record/connection_adapters/postgresql_adapter.rb:41:in `new'
  activerecord (4.1.5) lib/active_record/connection_adapters/postgresql_adapter.rb:41:in `postgresql_connection'
  activerecord (4.1.5) lib/active_record/connection_adapters/abstract/connection_pool.rb:435:in `new_connection'
  activerecord (4.1.5) lib/active_record/connection_adapters/abstract/connection_pool.rb:445:in `checkout_new_connection'
  activerecord (4.1.5) lib/active_record/connection_adapters/abstract/connection_pool.rb:416:in `acquire_connection'
  activerecord (4.1.5) lib/active_record/connection_adapters/abstract/connection_pool.rb:351:in `block in checkout'
  /home/mauricio/.rbenv/versions/2.2.2/lib/ruby/2.2.0/monitor.rb:211:in `mon_synchronize'
  activerecord (4.1.5) lib/active_record/connection_adapters/abstract/connection_pool.rb:350:in `checkout'
  activerecord (4.1.5) lib/active_record/connection_adapters/abstract/connection_pool.rb:265:in `block in connection'
  /home/mauricio/.rbenv/versions/2.2.2/lib/ruby/2.2.0/monitor.rb:211:in `mon_synchronize'
  activerecord (4.1.5) lib/active_record/connection_adapters/abstract/connection_pool.rb:264:in `connection'
  activerecord (4.1.5) lib/active_record/connection_adapters/abstract/connection_pool.rb:541:in `retrieve_connection'
  activerecord (4.1.5) lib/active_record/connection_handling.rb:113:in `retrieve_connection'
  activerecord (4.1.5) lib/active_record/connection_handling.rb:87:in `connection'
  activerecord (4.1.5) lib/active_record/migration.rb:388:in `check_pending!'
  activerecord (4.1.5) lib/active_record/migration.rb:377:in `call'
  actionpack (4.1.5) lib/action_dispatch/middleware/callbacks.rb:29:in `block in call'
  activesupport (4.1.5) lib/active_support/callbacks.rb:82:in `run_callbacks'
  actionpack (4.1.5) lib/action_dispatch/middleware/callbacks.rb:27:in `call'
  actionpack (4.1.5) lib/action_dispatch/middleware/reloader.rb:73:in `call'
  actionpack (4.1.5) lib/action_dispatch/middleware/remote_ip.rb:76:in `call'
  actionpack (4.1.5) lib/action_dispatch/middleware/debug_exceptions.rb:17:in `call'
  actionpack (4.1.5) lib/action_dispatch/middleware/show_exceptions.rb:30:in `call'
  railties (4.1.5) lib/rails/rack/logger.rb:38:in `call_app'
  railties (4.1.5) lib/rails/rack/logger.rb:20:in `block in call'
  activesupport (4.1.5) lib/active_support/tagged_logging.rb:68:in `block in tagged'
  activesupport (4.1.5) lib/active_support/tagged_logging.rb:26:in `tagged'
  activesupport (4.1.5) lib/active_support/tagged_logging.rb:68:in `tagged'
  railties (4.1.5) lib/rails/rack/logger.rb:20:in `call'
  actionpack (4.1.5) lib/action_dispatch/middleware/request_id.rb:21:in `call'
  rack (1.5.2) lib/rack/methodoverride.rb:21:in `call'
  rack (1.5.2) lib/rack/runtime.rb:17:in `call'
  activesupport (4.1.5) lib/active_support/cache/strategy/local_cache_middleware.rb:26:in `call'
  rack (1.5.2) lib/rack/lock.rb:17:in `call'
  actionpack (4.1.5) lib/action_dispatch/middleware/static.rb:64:in `call'
  rack (1.5.2) lib/rack/sendfile.rb:112:in `call'
  railties (4.1.5) lib/rails/engine.rb:514:in `call'
  railties (4.1.5) lib/rails/application.rb:144:in `call'
  rack (1.5.2) lib/rack/lock.rb:17:in `call'
  rack (1.5.2) lib/rack/content_length.rb:14:in `call'
  rack (1.5.2) lib/rack/handler/webrick.rb:60:in `service'
  /home/mauricio/.rbenv/versions/2.2.2/lib/ruby/2.2.0/webrick/httpserver.rb:138:in `service'
  /home/mauricio/.rbenv/versions/2.2.2/lib/ruby/2.2.0/webrick/httpserver.rb:94:in `run'
  /home/mauricio/.rbenv/versions/2.2.2/lib/ruby/2.2.0/webrick/server.rb:294:in `block in start_thread'


  Rendered /home/mauricio/.rbenv/versions/2.2.2/lib/ruby/gems/2.2.0/gems/actionpack-4.1.5/lib/action_dispatch/middleware/templates/rescues/_source.erb (0.4ms)
  Rendered /home/mauricio/.rbenv/versions/2.2.2/lib/ruby/gems/2.2.0/gems/actionpack-4.1.5/lib/action_dispatch/middleware/templates/rescues/_trace.html.erb (0.8ms)
  Rendered /home/mauricio/.rbenv/versions/2.2.2/lib/ruby/gems/2.2.0/gems/actionpack-4.1.5/lib/action_dispatch/middleware/templates/rescues/_request_and_response.html.erb (0.6ms)
  Rendered /home/mauricio/.rbenv/versions/2.2.2/lib/ruby/gems/2.2.0/gems/actionpack-4.1.5/lib/action_dispatch/middleware/templates/rescues/diagnostics.erb within rescues/layout (14.7ms)


Started GET "/favicon.ico" for 127.0.0.1 at 2015-06-13 11:15:44 -0500

ActiveRecord::NoDatabaseError (FATAL:  database "webmawesi_development" does not exist
Run `$ bin/rake db:create db:migrate` to create your database):
  activerecord (4.1.5) lib/active_record/connection_adapters/postgresql_adapter.rb:898:in `rescue in connect'
  activerecord (4.1.5) lib/active_record/connection_adapters/postgresql_adapter.rb:888:in `connect'
  activerecord (4.1.5) lib/active_record/connection_adapters/postgresql_adapter.rb:568:in `initialize'
  activerecord (4.1.5) lib/active_record/connection_adapters/postgresql_adapter.rb:41:in `new'
  activerecord (4.1.5) lib/active_record/connection_adapters/postgresql_adapter.rb:41:in `postgresql_connection'
  activerecord (4.1.5) lib/active_record/connection_adapters/abstract/connection_pool.rb:435:in `new_connection'
  activerecord (4.1.5) lib/active_record/connection_adapters/abstract/connection_pool.rb:445:in `checkout_new_connection'
  activerecord (4.1.5) lib/active_record/connection_adapters/abstract/connection_pool.rb:416:in `acquire_connection'
  activerecord (4.1.5) lib/active_record/connection_adapters/abstract/connection_pool.rb:351:in `block in checkout'
  /home/mauricio/.rbenv/versions/2.2.2/lib/ruby/2.2.0/monitor.rb:211:in `mon_synchronize'
  activerecord (4.1.5) lib/active_record/connection_adapters/abstract/connection_pool.rb:350:in `checkout'
  activerecord (4.1.5) lib/active_record/connection_adapters/abstract/connection_pool.rb:265:in `block in connection'
  /home/mauricio/.rbenv/versions/2.2.2/lib/ruby/2.2.0/monitor.rb:211:in `mon_synchronize'
  activerecord (4.1.5) lib/active_record/connection_adapters/abstract/connection_pool.rb:264:in `connection'
  activerecord (4.1.5) lib/active_record/connection_adapters/abstract/connection_pool.rb:541:in `retrieve_connection'
  activerecord (4.1.5) lib/active_record/connection_handling.rb:113:in `retrieve_connection'
  activerecord (4.1.5) lib/active_record/connection_handling.rb:87:in `connection'
  activerecord (4.1.5) lib/active_record/migration.rb:388:in `check_pending!'
  activerecord (4.1.5) lib/active_record/migration.rb:377:in `call'
  actionpack (4.1.5) lib/action_dispatch/middleware/callbacks.rb:29:in `block in call'
  activesupport (4.1.5) lib/active_support/callbacks.rb:82:in `run_callbacks'
  actionpack (4.1.5) lib/action_dispatch/middleware/callbacks.rb:27:in `call'
  actionpack (4.1.5) lib/action_dispatch/middleware/reloader.rb:73:in `call'
  actionpack (4.1.5) lib/action_dispatch/middleware/remote_ip.rb:76:in `call'
  actionpack (4.1.5) lib/action_dispatch/middleware/debug_exceptions.rb:17:in `call'
  actionpack (4.1.5) lib/action_dispatch/middleware/show_exceptions.rb:30:in `call'
  railties (4.1.5) lib/rails/rack/logger.rb:38:in `call_app'
  railties (4.1.5) lib/rails/rack/logger.rb:20:in `block in call'
  activesupport (4.1.5) lib/active_support/tagged_logging.rb:68:in `block in tagged'
  activesupport (4.1.5) lib/active_support/tagged_logging.rb:26:in `tagged'
  activesupport (4.1.5) lib/active_support/tagged_logging.rb:68:in `tagged'
  railties (4.1.5) lib/rails/rack/logger.rb:20:in `call'
  actionpack (4.1.5) lib/action_dispatch/middleware/request_id.rb:21:in `call'
  rack (1.5.2) lib/rack/methodoverride.rb:21:in `call'
  rack (1.5.2) lib/rack/runtime.rb:17:in `call'
  activesupport (4.1.5) lib/active_support/cache/strategy/local_cache_middleware.rb:26:in `call'
  rack (1.5.2) lib/rack/lock.rb:17:in `call'
  actionpack (4.1.5) lib/action_dispatch/middleware/static.rb:64:in `call'
  rack (1.5.2) lib/rack/sendfile.rb:112:in `call'
  railties (4.1.5) lib/rails/engine.rb:514:in `call'
  railties (4.1.5) lib/rails/application.rb:144:in `call'
  rack (1.5.2) lib/rack/lock.rb:17:in `call'
  rack (1.5.2) lib/rack/content_length.rb:14:in `call'
  rack (1.5.2) lib/rack/handler/webrick.rb:60:in `service'
  /home/mauricio/.rbenv/versions/2.2.2/lib/ruby/2.2.0/webrick/httpserver.rb:138:in `service'
  /home/mauricio/.rbenv/versions/2.2.2/lib/ruby/2.2.0/webrick/httpserver.rb:94:in `run'
  /home/mauricio/.rbenv/versions/2.2.2/lib/ruby/2.2.0/webrick/server.rb:294:in `block in start_thread'


  Rendered /home/mauricio/.rbenv/versions/2.2.2/lib/ruby/gems/2.2.0/gems/actionpack-4.1.5/lib/action_dispatch/middleware/templates/rescues/_source.erb (0.5ms)
  Rendered /home/mauricio/.rbenv/versions/2.2.2/lib/ruby/gems/2.2.0/gems/actionpack-4.1.5/lib/action_dispatch/middleware/templates/rescues/_trace.html.erb (0.8ms)
  Rendered /home/mauricio/.rbenv/versions/2.2.2/lib/ruby/gems/2.2.0/gems/actionpack-4.1.5/lib/action_dispatch/middleware/templates/rescues/_request_and_response.html.erb (0.6ms)
  Rendered /home/mauricio/.rbenv/versions/2.2.2/lib/ruby/gems/2.2.0/gems/actionpack-4.1.5/lib/action_dispatch/middleware/templates/rescues/diagnostics.erb within rescues/layout (12.9ms)
  [1m[36m (34.1ms)[0m  [1mCREATE TABLE "schema_migrations" ("version" character varying(255) NOT NULL) [0m
  [1m[35m (65.1ms)[0m  CREATE UNIQUE INDEX  "unique_schema_migrations" ON "schema_migrations"  ("version")
  [1m[36mActiveRecord::SchemaMigration Load (0.8ms)[0m  [1mSELECT "schema_migrations".* FROM "schema_migrations"[0m
Migrating to CreateComments (20141015135514)
  [1m[35m (0.2ms)[0m  BEGIN
  [1m[36m (90.6ms)[0m  [1mCREATE TABLE "comments" ("id" serial primary key, "commenter" character varying(255), "body" text, "article_id" integer, "created_at" timestamp, "updated_at" timestamp) [0m
  [1m[35m (32.3ms)[0m  CREATE  INDEX  "index_comments_on_article_id" ON "comments"  ("article_id")
  [1m[36mSQL (0.2ms)[0m  [1mINSERT INTO "schema_migrations" ("version") VALUES ($1)[0m  [["version", "20141015135514"]]
  [1m[35m (16.6ms)[0m  COMMIT
Migrating to CreateArticles (20141015185929)
  [1m[36m (0.2ms)[0m  [1mBEGIN[0m
  [1m[35mSQL (0.2ms)[0m  INSERT INTO "schema_migrations" ("version") VALUES ($1)  [["version", "20141015185929"]]
  [1m[36m (8.8ms)[0m  [1mCOMMIT[0m
Migrating to Agregar (20141015192142)
  [1m[35m (0.2ms)[0m  BEGIN
  [1m[36m (0.3ms)[0m  [1mALTER TABLE "articles" ADD COLUMN "autor" character varying(255)[0m
PG::UndefinedTable: ERROR:  relation "articles" does not exist
: ALTER TABLE "articles" ADD COLUMN "autor" character varying(255)
  [1m[35m (0.1ms)[0m  ROLLBACK
  [1m[36mActiveRecord::SchemaMigration Load (0.2ms)[0m  [1mSELECT "schema_migrations".* FROM "schema_migrations"[0m
Migrating to CreateProjects (20141124163150)
  [1m[35m (0.1ms)[0m  BEGIN
  [1m[36m (95.8ms)[0m  [1mCREATE TABLE "projects" ("id" serial primary key, "title" character varying(255), "text" character varying(255), "url" character varying(255), "created_at" timestamp, "updated_at" timestamp) [0m
  [1m[35mSQL (0.2ms)[0m  INSERT INTO "schema_migrations" ("version") VALUES ($1)  [["version", "20141124163150"]]
  [1m[36m (24.7ms)[0m  [1mCOMMIT[0m
Migrating to DeviseCreateUsers (20141125211014)
  [1m[35m (0.2ms)[0m  BEGIN
  [1m[36m (94.6ms)[0m  [1mCREATE TABLE "users" ("id" serial primary key, "email" character varying(255) DEFAULT '' NOT NULL, "encrypted_password" character varying(255) DEFAULT '' NOT NULL, "reset_password_token" character varying(255), "reset_password_sent_at" timestamp, "remember_created_at" timestamp, "sign_in_count" integer DEFAULT 0 NOT NULL, "current_sign_in_at" timestamp, "last_sign_in_at" timestamp, "current_sign_in_ip" character varying(255), "last_sign_in_ip" character varying(255), "created_at" timestamp, "updated_at" timestamp) [0m
  [1m[35m (43.0ms)[0m  CREATE UNIQUE INDEX  "index_users_on_email" ON "users"  ("email")
  [1m[36m (41.9ms)[0m  [1mCREATE UNIQUE INDEX  "index_users_on_reset_password_token" ON "users"  ("reset_password_token")[0m
  [1m[35mSQL (0.3ms)[0m  INSERT INTO "schema_migrations" ("version") VALUES ($1)  [["version", "20141125211014"]]
  [1m[36m (15.5ms)[0m  [1mCOMMIT[0m
Migrating to DeviseCreateAdmins (20141125213546)
  [1m[35m (0.3ms)[0m  BEGIN
  [1m[36m (101.1ms)[0m  [1mCREATE TABLE "admins" ("id" serial primary key, "email" character varying(255) DEFAULT '' NOT NULL, "encrypted_password" character varying(255) DEFAULT '' NOT NULL, "reset_password_token" character varying(255), "reset_password_sent_at" timestamp, "remember_created_at" timestamp, "sign_in_count" integer DEFAULT 0 NOT NULL, "current_sign_in_at" timestamp, "last_sign_in_at" timestamp, "current_sign_in_ip" character varying(255), "last_sign_in_ip" character varying(255), "created_at" timestamp, "updated_at" timestamp) [0m
  [1m[35m (43.3ms)[0m  CREATE UNIQUE INDEX  "index_admins_on_email" ON "admins"  ("email")
  [1m[36m (43.3ms)[0m  [1mCREATE UNIQUE INDEX  "index_admins_on_reset_password_token" ON "admins"  ("reset_password_token")[0m
  [1m[35mSQL (0.1ms)[0m  INSERT INTO "schema_migrations" ("version") VALUES ($1)  [["version", "20141125213546"]]
  [1m[36m (17.5ms)[0m  [1mCOMMIT[0m
Migrating to CreateImage (20141205175723)
  [1m[35m (0.2ms)[0m  BEGIN
  [1m[36m (0.3ms)[0m  [1mALTER TABLE "projects" ADD COLUMN "imagen_file_name" character varying(255)[0m
  [1m[35m (0.2ms)[0m  ALTER TABLE "projects" ADD COLUMN "imagen_content_type" character varying(255)
  [1m[36m (0.1ms)[0m  [1mALTER TABLE "projects" ADD COLUMN "imagen_file_size" integer[0m
  [1m[35m (0.2ms)[0m  ALTER TABLE "projects" ADD COLUMN "imagen_updated_at" timestamp
  [1m[36mSQL (0.1ms)[0m  [1mINSERT INTO "schema_migrations" ("version") VALUES ($1)[0m  [["version", "20141205175723"]]
  [1m[35m (7.7ms)[0m  COMMIT
Migrating to AddColumnToProjects (20141209133930)
  [1m[36m (0.1ms)[0m  [1mBEGIN[0m
  [1m[35m (0.3ms)[0m  ALTER TABLE "projects" ADD COLUMN "tipo" character varying(255)
  [1m[36mSQL (0.1ms)[0m  [1mINSERT INTO "schema_migrations" ("version") VALUES ($1)[0m  [["version", "20141209133930"]]
  [1m[35m (8.1ms)[0m  COMMIT
  [1m[36mActiveRecord::SchemaMigration Load (0.2ms)[0m  [1mSELECT "schema_migrations".* FROM "schema_migrations"[0m


Started GET "/" for 127.0.0.1 at 2015-06-13 12:27:59 -0500
  [1m[36mActiveRecord::SchemaMigration Load (0.5ms)[0m  [1mSELECT "schema_migrations".* FROM "schema_migrations"[0m
Processing by BrandController#home as HTML
default_url_options is passed options: {}

default_url_options is passed options: {}

  Rendered layouts/_header.erb (3.6ms)
  Rendered layouts/_footer.erb (0.3ms)
  Rendered brand/home.html.erb within layouts/application (22.6ms)
Completed 200 OK in 276ms (Views: 212.4ms | ActiveRecord: 0.0ms)


Started GET "/assets/admin/dashboard.css?body=1" for 127.0.0.1 at 2015-06-13 12:27:59 -0500


Started GET "/assets/brand.css?body=1" for 127.0.0.1 at 2015-06-13 12:27:59 -0500


Started GET "/assets/projects.css?body=1" for 127.0.0.1 at 2015-06-13 12:27:59 -0500


Started GET "/assets/articles.css?body=1" for 127.0.0.1 at 2015-06-13 12:27:59 -0500


Started GET "/assets/comments.css?body=1" for 127.0.0.1 at 2015-06-13 12:27:59 -0500


Started GET "/assets/style.css?body=1" for 127.0.0.1 at 2015-06-13 12:27:59 -0500


Started GET "/assets/jquery.poptrox.min.js?body=1" for 127.0.0.1 at 2015-06-13 12:27:59 -0500


Started GET "/assets/blog.js?body=1" for 127.0.0.1 at 2015-06-13 12:27:59 -0500


Started GET "/assets/application.css?body=1" for 127.0.0.1 at 2015-06-13 12:27:59 -0500


Started GET "/assets/init.js?body=1" for 127.0.0.1 at 2015-06-13 12:27:59 -0500


Started GET "/assets/skel.min.js?body=1" for 127.0.0.1 at 2015-06-13 12:27:59 -0500


Started GET "/assets/main.js?body=1" for 127.0.0.1 at 2015-06-13 12:27:59 -0500


Started GET "/assets/application.js?body=1" for 127.0.0.1 at 2015-06-13 12:27:59 -0500


Started GET "/assets/jquery.min.js?body=1" for 127.0.0.1 at 2015-06-13 12:27:59 -0500


Started GET "/assets/logo_web.png" for 127.0.0.1 at 2015-06-13 12:27:59 -0500


Started GET "/assets/logo_web_high.jpg" for 127.0.0.1 at 2015-06-13 12:27:59 -0500


Started GET "/assets/equipo/mauro.png" for 127.0.0.1 at 2015-06-13 12:27:59 -0500


Started GET "/assets/equipo/jorge.png" for 127.0.0.1 at 2015-06-13 12:27:59 -0500


Started GET "/assets/equipo/sandra.png" for 127.0.0.1 at 2015-06-13 12:27:59 -0500


Started GET "/assets/equipo/jose.png" for 127.0.0.1 at 2015-06-13 12:27:59 -0500


Started GET "/assets/laptop_2.jpg" for 127.0.0.1 at 2015-06-13 12:28:00 -0500


Started GET "/assets/dark-arrow.svg" for 127.0.0.1 at 2015-06-13 12:28:00 -0500


Started GET "/assets/fontawesome-webfont.woff" for 127.0.0.1 at 2015-06-13 12:28:00 -0500


Started GET "/assets/poptrox-nav.svg" for 127.0.0.1 at 2015-06-13 12:28:00 -0500


Started GET "/assets/loader.gif" for 127.0.0.1 at 2015-06-13 12:28:00 -0500


Started GET "/assets/poptrox-closer.svg" for 127.0.0.1 at 2015-06-13 12:28:00 -0500


Started GET "/vistaSoftware?locale=es" for 127.0.0.1 at 2015-06-13 12:28:17 -0500
Processing by ProjectsController#vistaSoftware as HTML
  Parameters: {"locale"=>"es"}
default_url_options is passed options: {}

default_url_options is passed options: {}

  Rendered layouts/_subheader.erb (2.0ms)
  [1m[35mProject Load (0.4ms)[0m  SELECT "projects".* FROM "projects"
  Rendered layouts/_subfooter.erb (0.2ms)
  Rendered projects/vistaSoftware.erb within layouts/application (8.5ms)
Completed 200 OK in 77ms (Views: 73.7ms | ActiveRecord: 0.4ms)


Started GET "/assets/desk.jpg" for 127.0.0.1 at 2015-06-13 12:28:17 -0500


Started GET "/admin" for 127.0.0.1 at 2015-06-13 12:28:31 -0500
Processing by Admin::DashboardController#index as HTML
default_url_options is passed options: {}

default_url_options is passed options: {}

  Rendered layouts/_adminLogin.erb (0.6ms)
  Rendered admin/dashboard/index.html.erb within layouts/application (9.2ms)
Completed 200 OK in 53ms (Views: 52.6ms | ActiveRecord: 0.0ms)


Started GET "/assets/fondo-administrador.jpeg" for 127.0.0.1 at 2015-06-13 12:28:31 -0500


Started GET "/admin/new" for 127.0.0.1 at 2015-06-13 12:28:39 -0500

ActionController::RoutingError (No route matches [GET] "/admin/new"):
  actionpack (4.1.5) lib/action_dispatch/middleware/debug_exceptions.rb:21:in `call'
  actionpack (4.1.5) lib/action_dispatch/middleware/show_exceptions.rb:30:in `call'
  railties (4.1.5) lib/rails/rack/logger.rb:38:in `call_app'
  railties (4.1.5) lib/rails/rack/logger.rb:20:in `block in call'
  activesupport (4.1.5) lib/active_support/tagged_logging.rb:68:in `block in tagged'
  activesupport (4.1.5) lib/active_support/tagged_logging.rb:26:in `tagged'
  activesupport (4.1.5) lib/active_support/tagged_logging.rb:68:in `tagged'
  railties (4.1.5) lib/rails/rack/logger.rb:20:in `call'
  actionpack (4.1.5) lib/action_dispatch/middleware/request_id.rb:21:in `call'
  rack (1.5.3) lib/rack/methodoverride.rb:21:in `call'
  rack (1.5.3) lib/rack/runtime.rb:17:in `call'
  activesupport (4.1.5) lib/active_support/cache/strategy/local_cache_middleware.rb:26:in `call'
  rack (1.5.3) lib/rack/lock.rb:17:in `call'
  actionpack (4.1.5) lib/action_dispatch/middleware/static.rb:64:in `call'
  rack (1.5.3) lib/rack/sendfile.rb:112:in `call'
  railties (4.1.5) lib/rails/engine.rb:514:in `call'
  railties (4.1.5) lib/rails/application.rb:144:in `call'
  rack (1.5.3) lib/rack/lock.rb:17:in `call'
  rack (1.5.3) lib/rack/content_length.rb:14:in `call'
  rack (1.5.3) lib/rack/handler/webrick.rb:60:in `service'
  /home/mauricio/.rbenv/versions/2.2.2/lib/ruby/2.2.0/webrick/httpserver.rb:138:in `service'
  /home/mauricio/.rbenv/versions/2.2.2/lib/ruby/2.2.0/webrick/httpserver.rb:94:in `run'
  /home/mauricio/.rbenv/versions/2.2.2/lib/ruby/2.2.0/webrick/server.rb:294:in `block in start_thread'


  Rendered /home/mauricio/.rbenv/versions/2.2.2/lib/ruby/gems/2.2.0/gems/actionpack-4.1.5/lib/action_dispatch/middleware/templates/rescues/_trace.html.erb (2.2ms)
  Rendered /home/mauricio/.rbenv/versions/2.2.2/lib/ruby/gems/2.2.0/gems/actionpack-4.1.5/lib/action_dispatch/middleware/templates/routes/_route.html.erb (3.7ms)
  Rendered /home/mauricio/.rbenv/versions/2.2.2/lib/ruby/gems/2.2.0/gems/actionpack-4.1.5/lib/action_dispatch/middleware/templates/routes/_table.html.erb (38.3ms)
  Rendered /home/mauricio/.rbenv/versions/2.2.2/lib/ruby/gems/2.2.0/gems/actionpack-4.1.5/lib/action_dispatch/middleware/templates/rescues/routing_error.html.erb within rescues/layout (183.4ms)


Started GET "/favicon.ico" for 127.0.0.1 at 2015-06-13 12:28:39 -0500
Processing by BrandController#home as 
  Parameters: {"locale"=>"favicon"}
Completed 500 Internal Server Error in 1ms

I18n::InvalidLocale ("favicon" is not a valid locale):
  app/controllers/application_controller.rb:8:in `set_locale'


  Rendered /home/mauricio/.rbenv/versions/2.2.2/lib/ruby/gems/2.2.0/gems/actionpack-4.1.5/lib/action_dispatch/middleware/templates/rescues/_source.erb (0.7ms)
  Rendered /home/mauricio/.rbenv/versions/2.2.2/lib/ruby/gems/2.2.0/gems/actionpack-4.1.5/lib/action_dispatch/middleware/templates/rescues/_trace.html.erb (1.1ms)
  Rendered /home/mauricio/.rbenv/versions/2.2.2/lib/ruby/gems/2.2.0/gems/actionpack-4.1.5/lib/action_dispatch/middleware/templates/rescues/_request_and_response.html.erb (0.7ms)
  Rendered /home/mauricio/.rbenv/versions/2.2.2/lib/ruby/gems/2.2.0/gems/actionpack-4.1.5/lib/action_dispatch/middleware/templates/rescues/diagnostics.erb within rescues/layout (16.8ms)


Started GET "/users/new" for 127.0.0.1 at 2015-06-13 12:28:44 -0500
Processing by Devise::RegistrationsController#new as HTML
default_url_options is passed options: {}

default_url_options is passed options: {}

  Rendered layouts/_headerAdmin.erb (14.9ms)
  Rendered devise/shared/_links.html.erb (0.4ms)
  Rendered devise/registrations/new.html.erb within layouts/application (98.3ms)
Completed 200 OK in 154ms (Views: 147.6ms | ActiveRecord: 2.2ms)


Started GET "/assets/logo_web.png" for 127.0.0.1 at 2015-06-13 12:28:44 -0500


Started GET "/assets/StartupStockPhotos57.jpg" for 127.0.0.1 at 2015-06-13 12:28:44 -0500


Started POST "/users?locale=es" for 127.0.0.1 at 2015-06-13 12:29:01 -0500
Processing by Devise::RegistrationsController#create as HTML
  Parameters: {"utf8"=>"✓", "authenticity_token"=>"Ee1Qc5CSoQORMBnF7hD7GHbks3qKN19DqfKOab4R748=", "user"=>{"email"=>"mauricio@mawesi.net", "password"=>"[FILTERED]", "password_confirmation"=>"[FILTERED]"}, "commit"=>"Sign up", "locale"=>"es"}
  [1m[36m (0.2ms)[0m  [1mBEGIN[0m
  [1m[35mUser Exists (0.6ms)[0m  SELECT  1 AS one FROM "users"  WHERE "users"."email" = 'mauricio@mawesi.net' LIMIT 1
  [1m[36mSQL (0.4ms)[0m  [1mINSERT INTO "users" ("created_at", "email", "encrypted_password", "updated_at") VALUES ($1, $2, $3, $4) RETURNING "id"[0m  [["created_at", "2015-06-13 17:29:01.622675"], ["email", "mauricio@mawesi.net"], ["encrypted_password", "$2a$10$a6aMiTtmhNFA7TRQIN9aAu6a.22ZKWq6tchvN66KPsYX3bYiqloVy"], ["updated_at", "2015-06-13 17:29:01.622675"]]
  [1m[35m (19.8ms)[0m  COMMIT
  [1m[36m (0.1ms)[0m  [1mBEGIN[0m
  [1m[35mSQL (0.3ms)[0m  UPDATE "users" SET "current_sign_in_at" = $1, "current_sign_in_ip" = $2, "last_sign_in_at" = $3, "last_sign_in_ip" = $4, "sign_in_count" = $5, "updated_at" = $6 WHERE "users"."id" = 1  [["current_sign_in_at", "2015-06-13 17:29:01.646864"], ["current_sign_in_ip", "127.0.0.1"], ["last_sign_in_at", "2015-06-13 17:29:01.646864"], ["last_sign_in_ip", "127.0.0.1"], ["sign_in_count", 1], ["updated_at", "2015-06-13 17:29:01.647986"]]
  [1m[36m (7.6ms)[0m  [1mCOMMIT[0m
default_url_options is passed options: {}

default_url_options is passed options: {}

Redirected to http://localhost:3000/admin?locale=es
Completed 302 Found in 366ms (ActiveRecord: 29.3ms)


Started GET "/admin?locale=es" for 127.0.0.1 at 2015-06-13 12:29:01 -0500
Processing by Admin::DashboardController#index as HTML
  Parameters: {"locale"=>"es"}
  [1m[35mUser Load (0.5ms)[0m  SELECT  "users".* FROM "users"  WHERE "users"."id" = 1  ORDER BY "users"."id" ASC LIMIT 1
default_url_options is passed options: {}

default_url_options is passed options: {}

  Rendered admin/dashboard/index.html.erb within layouts/application (17.6ms)
Completed 200 OK in 60ms (Views: 59.3ms | ActiveRecord: 0.5ms)


Started GET "/assets/fondo-administrador.jpeg" for 127.0.0.1 at 2015-06-13 12:29:01 -0500


Started GET "/assets/logo_web.png" for 127.0.0.1 at 2015-06-13 12:29:01 -0500


Started GET "/projects?locale=es" for 127.0.0.1 at 2015-06-13 12:29:05 -0500
Processing by ProjectsController#index as HTML
  Parameters: {"locale"=>"es"}
default_url_options is passed options: {}

default_url_options is passed options: {}

  [1m[36mUser Load (0.7ms)[0m  [1mSELECT  "users".* FROM "users"  WHERE "users"."id" = 1  ORDER BY "users"."id" ASC LIMIT 1[0m
  Rendered layouts/_headerAdmin.erb (5.5ms)
  [1m[35mProject Load (0.4ms)[0m  SELECT "projects".* FROM "projects"
  Rendered layouts/_subfooter.erb (0.1ms)
  Rendered projects/index.html.erb within layouts/application (11.8ms)
Completed 200 OK in 92ms (Views: 89.8ms | ActiveRecord: 1.1ms)


Started GET "/assets/logo_web.png" for 127.0.0.1 at 2015-06-13 12:29:05 -0500


Started GET "/projects/new?locale=es" for 127.0.0.1 at 2015-06-13 12:29:11 -0500
Processing by ProjectsController#new as HTML
  Parameters: {"locale"=>"es"}
default_url_options is passed options: {}

default_url_options is passed options: {}

  [1m[36mUser Load (0.3ms)[0m  [1mSELECT  "users".* FROM "users"  WHERE "users"."id" = 1  ORDER BY "users"."id" ASC LIMIT 1[0m
  Rendered layouts/_headerAdmin.erb (2.0ms)
  Rendered projects/_formProject.html.erb (37.3ms)
  Rendered layouts/_subfooter.erb (0.0ms)
  Rendered projects/new.html.erb within layouts/application (41.4ms)
Completed 200 OK in 96ms (Views: 92.4ms | ActiveRecord: 1.9ms)


Started GET "/assets/logo_web.png" for 127.0.0.1 at 2015-06-13 12:29:11 -0500


Started GET "/users/sign_out?locale=es" for 127.0.0.1 at 2015-06-13 12:29:26 -0500
Processing by Devise::SessionsController#destroy as HTML
  Parameters: {"locale"=>"es"}
  [1m[35mUser Load (0.5ms)[0m  SELECT  "users".* FROM "users"  WHERE "users"."id" = 1  ORDER BY "users"."id" ASC LIMIT 1
  [1m[36m (0.1ms)[0m  [1mBEGIN[0m
  [1m[35m (0.1ms)[0m  COMMIT
default_url_options is passed options: {}

default_url_options is passed options: {}

Redirected to http://localhost:3000/?locale=es
Completed 302 Found in 7ms (ActiveRecord: 0.7ms)


Started GET "/?locale=es" for 127.0.0.1 at 2015-06-13 12:29:27 -0500
Processing by BrandController#home as HTML
  Parameters: {"locale"=>"es"}
default_url_options is passed options: {}

default_url_options is passed options: {}

  Rendered layouts/_header.erb (1.6ms)
  Rendered layouts/_footer.erb (0.1ms)
  Rendered brand/home.html.erb within layouts/application (4.3ms)
Completed 200 OK in 49ms (Views: 48.2ms | ActiveRecord: 0.0ms)


Started GET "/assets/equipo/sandra.png" for 127.0.0.1 at 2015-06-13 12:29:27 -0500


Started GET "/assets/equipo/mauro.png" for 127.0.0.1 at 2015-06-13 12:29:27 -0500


Started GET "/assets/logo_web_high.jpg" for 127.0.0.1 at 2015-06-13 12:29:27 -0500


Started GET "/assets/equipo/jose.png" for 127.0.0.1 at 2015-06-13 12:29:27 -0500


Started GET "/assets/logo_web.png" for 127.0.0.1 at 2015-06-13 12:29:27 -0500


Started GET "/assets/equipo/jorge.png" for 127.0.0.1 at 2015-06-13 12:29:27 -0500


Started GET "/assets/laptop_2.jpg" for 127.0.0.1 at 2015-06-13 12:29:27 -0500


Started GET "/assets/dark-arrow.svg" for 127.0.0.1 at 2015-06-13 12:29:27 -0500


Started GET "/" for 127.0.0.1 at 2015-06-13 19:46:32 -0500
  [1m[36mActiveRecord::SchemaMigration Load (0.4ms)[0m  [1mSELECT "schema_migrations".* FROM "schema_migrations"[0m
Processing by BrandController#home as HTML
default_url_options is passed options: {}

default_url_options is passed options: {}

  Rendered layouts/_header.erb (3.7ms)
  Rendered layouts/_footer.erb (0.3ms)
  Rendered brand/home.html.erb within layouts/application (12.1ms)
Completed 200 OK in 128ms (Views: 113.4ms | ActiveRecord: 0.0ms)


Started GET "/assets/brand.css?body=1" for 127.0.0.1 at 2015-06-13 19:46:32 -0500


Started GET "/assets/comments.css?body=1" for 127.0.0.1 at 2015-06-13 19:46:32 -0500


Started GET "/assets/projects.css?body=1" for 127.0.0.1 at 2015-06-13 19:46:32 -0500


Started GET "/assets/admin/dashboard.css?body=1" for 127.0.0.1 at 2015-06-13 19:46:32 -0500


Started GET "/assets/articles.css?body=1" for 127.0.0.1 at 2015-06-13 19:46:32 -0500


Started GET "/assets/style.css?body=1" for 127.0.0.1 at 2015-06-13 19:46:32 -0500


Started GET "/assets/application.css?body=1" for 127.0.0.1 at 2015-06-13 19:46:32 -0500


Started GET "/assets/jquery.min.js?body=1" for 127.0.0.1 at 2015-06-13 19:46:32 -0500


Started GET "/assets/jquery.poptrox.min.js?body=1" for 127.0.0.1 at 2015-06-13 19:46:32 -0500


Started GET "/assets/blog.js?body=1" for 127.0.0.1 at 2015-06-13 19:46:32 -0500


Started GET "/assets/skel.min.js?body=1" for 127.0.0.1 at 2015-06-13 19:46:32 -0500


Started GET "/assets/init.js?body=1" for 127.0.0.1 at 2015-06-13 19:46:32 -0500


Started GET "/assets/application.js?body=1" for 127.0.0.1 at 2015-06-13 19:46:32 -0500


Started GET "/assets/logo_web.png" for 127.0.0.1 at 2015-06-13 19:46:32 -0500


Started GET "/assets/equipo/jose.png" for 127.0.0.1 at 2015-06-13 19:46:32 -0500


Started GET "/assets/logo_web_high.jpg" for 127.0.0.1 at 2015-06-13 19:46:32 -0500


Started GET "/assets/equipo/sandra.png" for 127.0.0.1 at 2015-06-13 19:46:32 -0500


Started GET "/assets/main.js?body=1" for 127.0.0.1 at 2015-06-13 19:46:32 -0500


Started GET "/assets/equipo/mauro.png" for 127.0.0.1 at 2015-06-13 19:46:32 -0500


Started GET "/assets/equipo/jorge.png" for 127.0.0.1 at 2015-06-13 19:46:32 -0500


Started GET "/assets/dark-arrow.svg" for 127.0.0.1 at 2015-06-13 19:46:33 -0500


Started GET "/assets/laptop_2.jpg" for 127.0.0.1 at 2015-06-13 19:46:33 -0500


Started GET "/assets/fontawesome-webfont.woff" for 127.0.0.1 at 2015-06-13 19:46:33 -0500


Started GET "/assets/loader.gif" for 127.0.0.1 at 2015-06-13 19:46:33 -0500


Started GET "/assets/poptrox-closer.svg" for 127.0.0.1 at 2015-06-13 19:46:33 -0500


Started GET "/assets/poptrox-nav.svg" for 127.0.0.1 at 2015-06-13 19:46:33 -0500


Started GET "/jdkd" for 127.0.0.1 at 2015-06-13 19:46:44 -0500
Processing by BrandController#home as HTML
  Parameters: {"locale"=>"jdkd"}
Completed 500 Internal Server Error in 1ms

I18n::InvalidLocale ("jdkd" is not a valid locale):
  app/controllers/application_controller.rb:8:in `set_locale'


  Rendered /home/mauricio/.rbenv/versions/2.2.2/lib/ruby/gems/2.2.0/gems/actionpack-4.1.5/lib/action_dispatch/middleware/templates/rescues/_source.erb (0.5ms)
  Rendered /home/mauricio/.rbenv/versions/2.2.2/lib/ruby/gems/2.2.0/gems/actionpack-4.1.5/lib/action_dispatch/middleware/templates/rescues/_trace.html.erb (0.9ms)
  Rendered /home/mauricio/.rbenv/versions/2.2.2/lib/ruby/gems/2.2.0/gems/actionpack-4.1.5/lib/action_dispatch/middleware/templates/rescues/_request_and_response.html.erb (0.9ms)
  Rendered /home/mauricio/.rbenv/versions/2.2.2/lib/ruby/gems/2.2.0/gems/actionpack-4.1.5/lib/action_dispatch/middleware/templates/rescues/diagnostics.erb within rescues/layout (13.6ms)


Started GET "/favicon.ico" for 127.0.0.1 at 2015-06-13 19:46:45 -0500
Processing by BrandController#home as 
  Parameters: {"locale"=>"favicon"}
Completed 500 Internal Server Error in 1ms

I18n::InvalidLocale ("favicon" is not a valid locale):
  app/controllers/application_controller.rb:8:in `set_locale'


  Rendered /home/mauricio/.rbenv/versions/2.2.2/lib/ruby/gems/2.2.0/gems/actionpack-4.1.5/lib/action_dispatch/middleware/templates/rescues/_source.erb (0.6ms)
  Rendered /home/mauricio/.rbenv/versions/2.2.2/lib/ruby/gems/2.2.0/gems/actionpack-4.1.5/lib/action_dispatch/middleware/templates/rescues/_trace.html.erb (0.9ms)
  Rendered /home/mauricio/.rbenv/versions/2.2.2/lib/ruby/gems/2.2.0/gems/actionpack-4.1.5/lib/action_dispatch/middleware/templates/rescues/_request_and_response.html.erb (0.6ms)
  Rendered /home/mauricio/.rbenv/versions/2.2.2/lib/ruby/gems/2.2.0/gems/actionpack-4.1.5/lib/action_dispatch/middleware/templates/rescues/diagnostics.erb within rescues/layout (13.1ms)


Started GET "/" for 127.0.0.1 at 2015-06-13 19:46:48 -0500
Processing by BrandController#home as HTML
default_url_options is passed options: {}

default_url_options is passed options: {}

  Rendered layouts/_header.erb (1.1ms)
  Rendered layouts/_footer.erb (0.0ms)
  Rendered brand/home.html.erb within layouts/application (2.9ms)
Completed 200 OK in 53ms (Views: 52.0ms | ActiveRecord: 0.0ms)


Started GET "/assets/admin/dashboard.css?body=1" for 127.0.0.1 at 2015-06-13 19:46:48 -0500


Started GET "/assets/articles.css?body=1" for 127.0.0.1 at 2015-06-13 19:46:48 -0500


Started GET "/assets/style.css?body=1" for 127.0.0.1 at 2015-06-13 19:46:48 -0500


Started GET "/assets/comments.css?body=1" for 127.0.0.1 at 2015-06-13 19:46:48 -0500


Started GET "/assets/brand.css?body=1" for 127.0.0.1 at 2015-06-13 19:46:48 -0500


Started GET "/assets/projects.css?body=1" for 127.0.0.1 at 2015-06-13 19:46:48 -0500


Started GET "/assets/application.css?body=1" for 127.0.0.1 at 2015-06-13 19:46:48 -0500


Started GET "/assets/jquery.min.js?body=1" for 127.0.0.1 at 2015-06-13 19:46:48 -0500


Started GET "/assets/jquery.poptrox.min.js?body=1" for 127.0.0.1 at 2015-06-13 19:46:48 -0500


Started GET "/assets/blog.js?body=1" for 127.0.0.1 at 2015-06-13 19:46:48 -0500


Started GET "/assets/skel.min.js?body=1" for 127.0.0.1 at 2015-06-13 19:46:48 -0500


Started GET "/assets/init.js?body=1" for 127.0.0.1 at 2015-06-13 19:46:48 -0500


Started GET "/assets/main.js?body=1" for 127.0.0.1 at 2015-06-13 19:46:48 -0500


Started GET "/assets/application.js?body=1" for 127.0.0.1 at 2015-06-13 19:46:48 -0500


Started GET "/assets/logo_web.png" for 127.0.0.1 at 2015-06-13 19:46:48 -0500


Started GET "/assets/logo_web_high.jpg" for 127.0.0.1 at 2015-06-13 19:46:48 -0500


Started GET "/assets/equipo/jose.png" for 127.0.0.1 at 2015-06-13 19:46:48 -0500


Started GET "/assets/equipo/sandra.png" for 127.0.0.1 at 2015-06-13 19:46:48 -0500


Started GET "/assets/equipo/mauro.png" for 127.0.0.1 at 2015-06-13 19:46:48 -0500


Started GET "/assets/equipo/jorge.png" for 127.0.0.1 at 2015-06-13 19:46:48 -0500


Started GET "/assets/dark-arrow.svg" for 127.0.0.1 at 2015-06-13 19:46:48 -0500


Started GET "/assets/laptop_2.jpg" for 127.0.0.1 at 2015-06-13 19:46:48 -0500


Started GET "/assets/fontawesome-webfont.woff" for 127.0.0.1 at 2015-06-13 19:46:48 -0500


Started GET "/assets/loader.gif" for 127.0.0.1 at 2015-06-13 19:46:48 -0500


Started GET "/assets/poptrox-nav.svg" for 127.0.0.1 at 2015-06-13 19:46:48 -0500


Started GET "/assets/poptrox-closer.svg" for 127.0.0.1 at 2015-06-13 19:46:48 -0500


Started GET "/" for 127.0.0.1 at 2015-06-13 19:59:40 -0500
  [1m[36mActiveRecord::SchemaMigration Load (0.2ms)[0m  [1mSELECT "schema_migrations".* FROM "schema_migrations"[0m
Processing by BrandController#home as HTML
default_url_options is passed options: {}

default_url_options is passed options: {}

  Rendered layouts/_header.erb (3.6ms)
  Rendered layouts/_footer.erb (0.2ms)
  Rendered brand/home.html.erb within layouts/application (11.1ms)
Completed 200 OK in 119ms (Views: 104.0ms | ActiveRecord: 0.0ms)


Started GET "/" for 127.0.0.1 at 2015-06-13 19:59:40 -0500
Processing by BrandController#home as HTML
default_url_options is passed options: {}

default_url_options is passed options: {}

  Rendered layouts/_header.erb (1.9ms)
  Rendered layouts/_footer.erb (0.1ms)
  Rendered brand/home.html.erb within layouts/application (4.5ms)
Completed 200 OK in 63ms (Views: 61.6ms | ActiveRecord: 0.0ms)


Started GET "/assets/articles.css?body=1" for 127.0.0.1 at 2015-06-13 19:59:40 -0500


Started GET "/assets/style.css?body=1" for 127.0.0.1 at 2015-06-13 19:59:40 -0500


Started GET "/assets/projects.css?body=1" for 127.0.0.1 at 2015-06-13 19:59:40 -0500


Started GET "/assets/comments.css?body=1" for 127.0.0.1 at 2015-06-13 19:59:40 -0500


Started GET "/assets/brand.css?body=1" for 127.0.0.1 at 2015-06-13 19:59:40 -0500


Started GET "/assets/admin/dashboard.css?body=1" for 127.0.0.1 at 2015-06-13 19:59:40 -0500


Started GET "/assets/application.css?body=1" for 127.0.0.1 at 2015-06-13 19:59:40 -0500


Started GET "/assets/jquery.poptrox.min.js?body=1" for 127.0.0.1 at 2015-06-13 19:59:40 -0500


Started GET "/assets/jquery.min.js?body=1" for 127.0.0.1 at 2015-06-13 19:59:40 -0500


Started GET "/assets/blog.js?body=1" for 127.0.0.1 at 2015-06-13 19:59:40 -0500


Started GET "/assets/skel.min.js?body=1" for 127.0.0.1 at 2015-06-13 19:59:40 -0500


Started GET "/assets/init.js?body=1" for 127.0.0.1 at 2015-06-13 19:59:40 -0500


Started GET "/assets/main.js?body=1" for 127.0.0.1 at 2015-06-13 19:59:40 -0500


Started GET "/assets/application.js?body=1" for 127.0.0.1 at 2015-06-13 19:59:40 -0500


Started GET "/assets/logo_web.png" for 127.0.0.1 at 2015-06-13 19:59:40 -0500


Started GET "/assets/logo_web_high.jpg" for 127.0.0.1 at 2015-06-13 19:59:40 -0500


Started GET "/assets/equipo/jose.png" for 127.0.0.1 at 2015-06-13 19:59:40 -0500


Started GET "/assets/equipo/jorge.png" for 127.0.0.1 at 2015-06-13 19:59:40 -0500


Started GET "/assets/equipo/sandra.png" for 127.0.0.1 at 2015-06-13 19:59:40 -0500


Started GET "/assets/equipo/mauro.png" for 127.0.0.1 at 2015-06-13 19:59:40 -0500


Started GET "/assets/dark-arrow.svg" for 127.0.0.1 at 2015-06-13 19:59:40 -0500


Started GET "/assets/laptop_2.jpg" for 127.0.0.1 at 2015-06-13 19:59:40 -0500


Started GET "/assets/fontawesome-webfont.woff" for 127.0.0.1 at 2015-06-13 19:59:40 -0500


Started GET "/assets/loader.gif" for 127.0.0.1 at 2015-06-13 19:59:40 -0500


Started GET "/assets/poptrox-nav.svg" for 127.0.0.1 at 2015-06-13 19:59:40 -0500


Started GET "/assets/poptrox-closer.svg" for 127.0.0.1 at 2015-06-13 19:59:40 -0500


Started GET "/admin" for 127.0.0.1 at 2015-06-13 19:59:47 -0500
Processing by Admin::DashboardController#index as HTML
default_url_options is passed options: {}

default_url_options is passed options: {}

  Rendered layouts/_adminLogin.erb (0.8ms)
  Rendered admin/dashboard/index.html.erb within layouts/application (6.2ms)
Completed 200 OK in 48ms (Views: 47.7ms | ActiveRecord: 0.0ms)


Started GET "/assets/admin/dashboard.css?body=1" for 127.0.0.1 at 2015-06-13 19:59:47 -0500


Started GET "/assets/projects.css?body=1" for 127.0.0.1 at 2015-06-13 19:59:47 -0500


Started GET "/assets/comments.css?body=1" for 127.0.0.1 at 2015-06-13 19:59:47 -0500


Started GET "/assets/brand.css?body=1" for 127.0.0.1 at 2015-06-13 19:59:47 -0500


Started GET "/assets/articles.css?body=1" for 127.0.0.1 at 2015-06-13 19:59:47 -0500


Started GET "/assets/style.css?body=1" for 127.0.0.1 at 2015-06-13 19:59:47 -0500


Started GET "/assets/jquery.poptrox.min.js?body=1" for 127.0.0.1 at 2015-06-13 19:59:47 -0500


Started GET "/assets/jquery.min.js?body=1" for 127.0.0.1 at 2015-06-13 19:59:47 -0500


Started GET "/assets/application.css?body=1" for 127.0.0.1 at 2015-06-13 19:59:47 -0500


Started GET "/assets/blog.js?body=1" for 127.0.0.1 at 2015-06-13 19:59:47 -0500


Started GET "/assets/skel.min.js?body=1" for 127.0.0.1 at 2015-06-13 19:59:47 -0500


Started GET "/assets/init.js?body=1" for 127.0.0.1 at 2015-06-13 19:59:47 -0500


Started GET "/assets/main.js?body=1" for 127.0.0.1 at 2015-06-13 19:59:47 -0500


Started GET "/assets/application.js?body=1" for 127.0.0.1 at 2015-06-13 19:59:47 -0500


Started GET "/assets/fondo-administrador.jpeg" for 127.0.0.1 at 2015-06-13 19:59:47 -0500


Started GET "/assets/loader.gif" for 127.0.0.1 at 2015-06-13 19:59:47 -0500


Started GET "/assets/poptrox-closer.svg" for 127.0.0.1 at 2015-06-13 19:59:47 -0500


Started GET "/assets/poptrox-nav.svg" for 127.0.0.1 at 2015-06-13 19:59:47 -0500


Started GET "/users/sign_in?locale=es" for 127.0.0.1 at 2015-06-13 19:59:50 -0500
Processing by Devise::SessionsController#new as HTML
  Parameters: {"locale"=>"es"}
default_url_options is passed options: {}

  Rendered devise/shared/_links.html.erb (0.6ms)
  Rendered devise/sessions/new.html.erb within layouts/application (14.4ms)
Completed 200 OK in 67ms (Views: 58.9ms | ActiveRecord: 1.2ms)


Started GET "/assets/articles.css?body=1" for 127.0.0.1 at 2015-06-13 19:59:50 -0500


Started GET "/assets/projects.css?body=1" for 127.0.0.1 at 2015-06-13 19:59:50 -0500


Started GET "/assets/style.css?body=1" for 127.0.0.1 at 2015-06-13 19:59:50 -0500


Started GET "/assets/comments.css?body=1" for 127.0.0.1 at 2015-06-13 19:59:50 -0500


Started GET "/assets/admin/dashboard.css?body=1" for 127.0.0.1 at 2015-06-13 19:59:50 -0500


Started GET "/assets/brand.css?body=1" for 127.0.0.1 at 2015-06-13 19:59:50 -0500


Started GET "/assets/application.css?body=1" for 127.0.0.1 at 2015-06-13 19:59:50 -0500


Started GET "/assets/jquery.min.js?body=1" for 127.0.0.1 at 2015-06-13 19:59:50 -0500


Started GET "/assets/jquery.poptrox.min.js?body=1" for 127.0.0.1 at 2015-06-13 19:59:50 -0500


Started GET "/assets/skel.min.js?body=1" for 127.0.0.1 at 2015-06-13 19:59:50 -0500


Started GET "/assets/init.js?body=1" for 127.0.0.1 at 2015-06-13 19:59:50 -0500


Started GET "/assets/blog.js?body=1" for 127.0.0.1 at 2015-06-13 19:59:50 -0500


Started GET "/assets/main.js?body=1" for 127.0.0.1 at 2015-06-13 19:59:50 -0500


Started GET "/assets/application.js?body=1" for 127.0.0.1 at 2015-06-13 19:59:50 -0500


Started GET "/assets/fondo-administrador.jpeg" for 127.0.0.1 at 2015-06-13 19:59:50 -0500


Started GET "/assets/loader.gif" for 127.0.0.1 at 2015-06-13 19:59:50 -0500


Started GET "/assets/poptrox-closer.svg" for 127.0.0.1 at 2015-06-13 19:59:50 -0500


Started GET "/assets/poptrox-nav.svg" for 127.0.0.1 at 2015-06-13 19:59:50 -0500


Started POST "/users/sign_in?locale=es" for 127.0.0.1 at 2015-06-13 19:59:58 -0500
Processing by Devise::SessionsController#create as HTML
  Parameters: {"utf8"=>"✓", "authenticity_token"=>"w+1hWM6/3Okgn0xPwSBQaL7zaNrrs1hseo8UP5xywpo=", "user"=>{"email"=>"mauricio@mawesi.net", "password"=>"[FILTERED]", "remember_me"=>"0"}, "commit"=>"Abrir", "locale"=>"es"}
  [1m[35mUser Load (0.8ms)[0m  SELECT  "users".* FROM "users"  WHERE "users"."email" = 'mauricio@mawesi.net'  ORDER BY "users"."id" ASC LIMIT 1
  [1m[36m (0.2ms)[0m  [1mBEGIN[0m
  [1m[35mSQL (0.2ms)[0m  UPDATE "users" SET "current_sign_in_at" = $1, "sign_in_count" = $2, "updated_at" = $3 WHERE "users"."id" = 1  [["current_sign_in_at", "2015-06-14 00:59:58.642992"], ["sign_in_count", 2], ["updated_at", "2015-06-14 00:59:58.644082"]]
  [1m[36m (23.3ms)[0m  [1mCOMMIT[0m
default_url_options is passed options: {}

default_url_options is passed options: {}

Redirected to http://localhost:3000/admin?locale=es
Completed 302 Found in 108ms (ActiveRecord: 24.6ms)


Started GET "/admin?locale=es" for 127.0.0.1 at 2015-06-13 19:59:58 -0500
Processing by Admin::DashboardController#index as HTML
  Parameters: {"locale"=>"es"}
  [1m[35mUser Load (0.3ms)[0m  SELECT  "users".* FROM "users"  WHERE "users"."id" = 1  ORDER BY "users"."id" ASC LIMIT 1
default_url_options is passed options: {}

default_url_options is passed options: {}

  Rendered admin/dashboard/index.html.erb within layouts/application (2.3ms)
Completed 200 OK in 46ms (Views: 45.2ms | ActiveRecord: 0.3ms)


Started GET "/assets/admin/dashboard.css?body=1" for 127.0.0.1 at 2015-06-13 19:59:58 -0500


Started GET "/assets/comments.css?body=1" for 127.0.0.1 at 2015-06-13 19:59:58 -0500


Started GET "/assets/brand.css?body=1" for 127.0.0.1 at 2015-06-13 19:59:58 -0500


Started GET "/assets/style.css?body=1" for 127.0.0.1 at 2015-06-13 19:59:58 -0500


Started GET "/assets/articles.css?body=1" for 127.0.0.1 at 2015-06-13 19:59:58 -0500


Started GET "/assets/projects.css?body=1" for 127.0.0.1 at 2015-06-13 19:59:58 -0500


Started GET "/assets/application.css?body=1" for 127.0.0.1 at 2015-06-13 19:59:58 -0500


Started GET "/assets/jquery.min.js?body=1" for 127.0.0.1 at 2015-06-13 19:59:58 -0500


Started GET "/assets/jquery.poptrox.min.js?body=1" for 127.0.0.1 at 2015-06-13 19:59:58 -0500


Started GET "/assets/blog.js?body=1" for 127.0.0.1 at 2015-06-13 19:59:58 -0500


Started GET "/assets/skel.min.js?body=1" for 127.0.0.1 at 2015-06-13 19:59:58 -0500


Started GET "/assets/init.js?body=1" for 127.0.0.1 at 2015-06-13 19:59:58 -0500


Started GET "/assets/main.js?body=1" for 127.0.0.1 at 2015-06-13 19:59:58 -0500


Started GET "/assets/application.js?body=1" for 127.0.0.1 at 2015-06-13 19:59:58 -0500


Started GET "/assets/fondo-administrador.jpeg" for 127.0.0.1 at 2015-06-13 19:59:58 -0500


Started GET "/assets/logo_web.png" for 127.0.0.1 at 2015-06-13 19:59:58 -0500


Started GET "/assets/loader.gif" for 127.0.0.1 at 2015-06-13 19:59:58 -0500


Started GET "/assets/poptrox-closer.svg" for 127.0.0.1 at 2015-06-13 19:59:58 -0500


Started GET "/assets/poptrox-nav.svg" for 127.0.0.1 at 2015-06-13 19:59:58 -0500
