I, [2015-06-13T19:59:19.063005 #13908]  INFO -- : Started GET "/" for 127.0.0.1 at 2015-06-13 19:59:19 -0500
F, [2015-06-13T19:59:19.071445 #13908] FATAL -- : 
ActiveRecord::NoDatabaseError (FATAL:  database "webmawesi_production" does not exist
Run `$ bin/rake db:create db:migrate` to create your database):
  activerecord (4.1.5) lib/active_record/connection_adapters/postgresql_adapter.rb:898:in `rescue in connect'
  activerecord (4.1.5) lib/active_record/connection_adapters/postgresql_adapter.rb:888:in `connect'
  activerecord (4.1.5) lib/active_record/connection_adapters/postgresql_adapter.rb:568:in `initialize'
  activerecord (4.1.5) lib/active_record/connection_adapters/postgresql_adapter.rb:41:in `new'
  activerecord (4.1.5) lib/active_record/connection_adapters/postgresql_adapter.rb:41:in `postgresql_connection'
  activerecord (4.1.5) lib/active_record/connection_adapters/abstract/connection_pool.rb:435:in `new_connection'
  activerecord (4.1.5) lib/active_record/connection_adapters/abstract/connection_pool.rb:445:in `checkout_new_connection'
  activerecord (4.1.5) lib/active_record/connection_adapters/abstract/connection_pool.rb:416:in `acquire_connection'
  activerecord (4.1.5) lib/active_record/connection_adapters/abstract/connection_pool.rb:351:in `block in checkout'
  /home/mauricio/.rbenv/versions/2.2.2/lib/ruby/2.2.0/monitor.rb:211:in `mon_synchronize'
  activerecord (4.1.5) lib/active_record/connection_adapters/abstract/connection_pool.rb:350:in `checkout'
  activerecord (4.1.5) lib/active_record/connection_adapters/abstract/connection_pool.rb:265:in `block in connection'
  /home/mauricio/.rbenv/versions/2.2.2/lib/ruby/2.2.0/monitor.rb:211:in `mon_synchronize'
  activerecord (4.1.5) lib/active_record/connection_adapters/abstract/connection_pool.rb:264:in `connection'
  activerecord (4.1.5) lib/active_record/connection_adapters/abstract/connection_pool.rb:541:in `retrieve_connection'
  activerecord (4.1.5) lib/active_record/connection_handling.rb:113:in `retrieve_connection'
  activerecord (4.1.5) lib/active_record/connection_handling.rb:87:in `connection'
  activerecord (4.1.5) lib/active_record/query_cache.rb:51:in `restore_query_cache_settings'
  activerecord (4.1.5) lib/active_record/query_cache.rb:43:in `rescue in call'
  activerecord (4.1.5) lib/active_record/query_cache.rb:32:in `call'
  activerecord (4.1.5) lib/active_record/connection_adapters/abstract/connection_pool.rb:621:in `call'
  actionpack (4.1.5) lib/action_dispatch/middleware/callbacks.rb:29:in `block in call'
  activesupport (4.1.5) lib/active_support/callbacks.rb:82:in `run_callbacks'
  actionpack (4.1.5) lib/action_dispatch/middleware/callbacks.rb:27:in `call'
  actionpack (4.1.5) lib/action_dispatch/middleware/remote_ip.rb:76:in `call'
  actionpack (4.1.5) lib/action_dispatch/middleware/debug_exceptions.rb:17:in `call'
  actionpack (4.1.5) lib/action_dispatch/middleware/show_exceptions.rb:30:in `call'
  railties (4.1.5) lib/rails/rack/logger.rb:38:in `call_app'
  railties (4.1.5) lib/rails/rack/logger.rb:20:in `block in call'
  activesupport (4.1.5) lib/active_support/tagged_logging.rb:68:in `block in tagged'
  activesupport (4.1.5) lib/active_support/tagged_logging.rb:26:in `tagged'
  activesupport (4.1.5) lib/active_support/tagged_logging.rb:68:in `tagged'
  railties (4.1.5) lib/rails/rack/logger.rb:20:in `call'
  actionpack (4.1.5) lib/action_dispatch/middleware/request_id.rb:21:in `call'
  rack (1.5.3) lib/rack/methodoverride.rb:21:in `call'
  rack (1.5.3) lib/rack/runtime.rb:17:in `call'
  activesupport (4.1.5) lib/active_support/cache/strategy/local_cache_middleware.rb:26:in `call'
  rack (1.5.3) lib/rack/sendfile.rb:112:in `call'
  railties (4.1.5) lib/rails/engine.rb:514:in `call'
  railties (4.1.5) lib/rails/application.rb:144:in `call'
  rack (1.5.3) lib/rack/lock.rb:17:in `call'
  rack (1.5.3) lib/rack/content_length.rb:14:in `call'
  rack (1.5.3) lib/rack/handler/webrick.rb:60:in `service'
  /home/mauricio/.rbenv/versions/2.2.2/lib/ruby/2.2.0/webrick/httpserver.rb:138:in `service'
  /home/mauricio/.rbenv/versions/2.2.2/lib/ruby/2.2.0/webrick/httpserver.rb:94:in `run'
  /home/mauricio/.rbenv/versions/2.2.2/lib/ruby/2.2.0/webrick/server.rb:294:in `block in start_thread'


I, [2015-06-13T19:59:19.111649 #13908]  INFO -- : Started GET "/favicon.ico" for 127.0.0.1 at 2015-06-13 19:59:19 -0500
F, [2015-06-13T19:59:19.115605 #13908] FATAL -- : 
ActiveRecord::NoDatabaseError (FATAL:  database "webmawesi_production" does not exist
Run `$ bin/rake db:create db:migrate` to create your database):
  activerecord (4.1.5) lib/active_record/connection_adapters/postgresql_adapter.rb:898:in `rescue in connect'
  activerecord (4.1.5) lib/active_record/connection_adapters/postgresql_adapter.rb:888:in `connect'
  activerecord (4.1.5) lib/active_record/connection_adapters/postgresql_adapter.rb:568:in `initialize'
  activerecord (4.1.5) lib/active_record/connection_adapters/postgresql_adapter.rb:41:in `new'
  activerecord (4.1.5) lib/active_record/connection_adapters/postgresql_adapter.rb:41:in `postgresql_connection'
  activerecord (4.1.5) lib/active_record/connection_adapters/abstract/connection_pool.rb:435:in `new_connection'
  activerecord (4.1.5) lib/active_record/connection_adapters/abstract/connection_pool.rb:445:in `checkout_new_connection'
  activerecord (4.1.5) lib/active_record/connection_adapters/abstract/connection_pool.rb:416:in `acquire_connection'
  activerecord (4.1.5) lib/active_record/connection_adapters/abstract/connection_pool.rb:351:in `block in checkout'
  /home/mauricio/.rbenv/versions/2.2.2/lib/ruby/2.2.0/monitor.rb:211:in `mon_synchronize'
  activerecord (4.1.5) lib/active_record/connection_adapters/abstract/connection_pool.rb:350:in `checkout'
  activerecord (4.1.5) lib/active_record/connection_adapters/abstract/connection_pool.rb:265:in `block in connection'
  /home/mauricio/.rbenv/versions/2.2.2/lib/ruby/2.2.0/monitor.rb:211:in `mon_synchronize'
  activerecord (4.1.5) lib/active_record/connection_adapters/abstract/connection_pool.rb:264:in `connection'
  activerecord (4.1.5) lib/active_record/connection_adapters/abstract/connection_pool.rb:541:in `retrieve_connection'
  activerecord (4.1.5) lib/active_record/connection_handling.rb:113:in `retrieve_connection'
  activerecord (4.1.5) lib/active_record/connection_handling.rb:87:in `connection'
  activerecord (4.1.5) lib/active_record/query_cache.rb:51:in `restore_query_cache_settings'
  activerecord (4.1.5) lib/active_record/query_cache.rb:43:in `rescue in call'
  activerecord (4.1.5) lib/active_record/query_cache.rb:32:in `call'
  activerecord (4.1.5) lib/active_record/connection_adapters/abstract/connection_pool.rb:621:in `call'
  actionpack (4.1.5) lib/action_dispatch/middleware/callbacks.rb:29:in `block in call'
  activesupport (4.1.5) lib/active_support/callbacks.rb:82:in `run_callbacks'
  actionpack (4.1.5) lib/action_dispatch/middleware/callbacks.rb:27:in `call'
  actionpack (4.1.5) lib/action_dispatch/middleware/remote_ip.rb:76:in `call'
  actionpack (4.1.5) lib/action_dispatch/middleware/debug_exceptions.rb:17:in `call'
  actionpack (4.1.5) lib/action_dispatch/middleware/show_exceptions.rb:30:in `call'
  railties (4.1.5) lib/rails/rack/logger.rb:38:in `call_app'
  railties (4.1.5) lib/rails/rack/logger.rb:20:in `block in call'
  activesupport (4.1.5) lib/active_support/tagged_logging.rb:68:in `block in tagged'
  activesupport (4.1.5) lib/active_support/tagged_logging.rb:26:in `tagged'
  activesupport (4.1.5) lib/active_support/tagged_logging.rb:68:in `tagged'
  railties (4.1.5) lib/rails/rack/logger.rb:20:in `call'
  actionpack (4.1.5) lib/action_dispatch/middleware/request_id.rb:21:in `call'
  rack (1.5.3) lib/rack/methodoverride.rb:21:in `call'
  rack (1.5.3) lib/rack/runtime.rb:17:in `call'
  activesupport (4.1.5) lib/active_support/cache/strategy/local_cache_middleware.rb:26:in `call'
  rack (1.5.3) lib/rack/sendfile.rb:112:in `call'
  railties (4.1.5) lib/rails/engine.rb:514:in `call'
  railties (4.1.5) lib/rails/application.rb:144:in `call'
  rack (1.5.3) lib/rack/lock.rb:17:in `call'
  rack (1.5.3) lib/rack/content_length.rb:14:in `call'
  rack (1.5.3) lib/rack/handler/webrick.rb:60:in `service'
  /home/mauricio/.rbenv/versions/2.2.2/lib/ruby/2.2.0/webrick/httpserver.rb:138:in `service'
  /home/mauricio/.rbenv/versions/2.2.2/lib/ruby/2.2.0/webrick/httpserver.rb:94:in `run'
  /home/mauricio/.rbenv/versions/2.2.2/lib/ruby/2.2.0/webrick/server.rb:294:in `block in start_thread'


